<?xml version="1.0" encoding="UTF-8"?>
<!-- Generated by org.testng.reporters.JUnitReportReporter -->
<testsuite hostname="Emad-Asus" failures="0" tests="2" name="APITests.APITest1" time="2.897" errors="0" timestamp="2022-12-14T15:33:19 EET" skipped="0">
  <testcase classname="APITests.APITest1" name="test2" time="0.266"/>
  <system-out/>
  <testcase classname="APITests.APITest1" name="test1" time="2.631"/>
  <system-out/>
</testsuite> <!-- APITests.APITest1 -->
